<?xml version="1.0" encoding="UTF-8"?>
<!-- Generated by org.testng.reporters.JUnitReportReporter -->
<testsuite hostname="LAPTOP-P5QAKP1L" failures="0" tests="1" name="Wipro.MySeleniumProject.TC_1_AddToCart" time="0.785" errors="0" timestamp="2023-06-28T18:59:23 IST" skipped="0">
  <testcase classname="Wipro.MySeleniumProject.TC_1_AddToCart" name="launchURL" time="0.785"/>
  <system-out/>
</testsuite> <!-- Wipro.MySeleniumProject.TC_1_AddToCart -->
